2025-10-26 17:21:36,056 [INFO] Testing module: gov_xian
2025-10-26 17:21:36,056 [INFO] Module URL: https://zjj.xa.gov.cn/zxcx/gczj/indexHis.aspx?page=1&qdm=ZZXU
2025-10-26 17:21:36,056 [INFO] Module URL validation passed ✅
2025-10-26 17:21:47,268 [INFO] 县区: {'value': 'YLQU', 'label': '阎良区'} 日期: {'name': '2025年06月造价信息表', 'date': '2025-06'}
2025-10-26 17:21:47,885 [INFO] [['1', '/', '热轧光圆钢筋（高线）', 'HPB300 Φ6~8', 't', '3568'], ['2', '/', '热轧光圆钢筋（高线）', 'HPB300 Φ10~12', 't', '3552'], ['3', '/', '热轧钢筋', 'Q235 Φ6~8', 't', '3588'], ['4', '/', '热轧钢筋', 'Q235 Φ10~12', 't', '3580'], ['5', '/', '热轧带肋钢筋', 'HRB400E Φ8~10', 't', '3533'], ['6', '/', '热轧带肋钢筋', 'HRB400E Φ12~14', 't', '3503'], ['7', '/', '热轧带肋钢筋', 'HRB400E Φ16~18', 't', '3356'], ['8', '/', '热轧带肋钢筋', 'HRB400E Φ20~25', 't', '3328'], ['9', '/', '热轧带肋钢筋', 'HRB400E Φ28~32', 't', '3409'], ['10', '/', '热轧带肋钢筋', 'HRB500E Φ8~10', 't', '3721']]
2025-10-26 17:21:47,887 [INFO] ✅ Link is active
2025-10-26 17:21:47,887 [INFO] ✅ request values / 热轧光圆钢筋（高线） HPB300 Φ6~8 t 3568 2025-06
2025-10-26 17:21:47,887 [INFO] ➡️ Sending workflow request for module: gov_xian
2025-10-26 17:21:48,066 [INFO] Response status: 200
2025-10-26 17:21:48,066 [INFO] ✅ Link is active
2025-10-26 17:21:48,066 [INFO] ✅ request values / 热轧光圆钢筋（高线） HPB300 Φ10~12 t 3552 2025-06
2025-10-26 17:21:48,066 [INFO] ➡️ Sending workflow request for module: gov_xian
2025-10-26 17:21:48,220 [INFO] Response status: 200
2025-10-26 17:21:48,220 [INFO] ✅ Link is active
2025-10-26 17:21:48,220 [INFO] ✅ request values / 热轧钢筋 Q235 Φ6~8 t 3588 2025-06
2025-10-26 17:21:48,221 [INFO] ➡️ Sending workflow request for module: gov_xian
2025-10-26 17:21:48,370 [INFO] Response status: 200
2025-10-26 17:21:48,370 [INFO] ✅ Link is active
2025-10-26 17:21:48,370 [INFO] ✅ request values / 热轧钢筋 Q235 Φ10~12 t 3580 2025-06
2025-10-26 17:21:48,370 [INFO] ➡️ Sending workflow request for module: gov_xian
2025-10-26 17:21:48,516 [INFO] Response status: 200
2025-10-26 17:21:48,516 [INFO] ✅ Link is active
2025-10-26 17:21:48,516 [INFO] ✅ request values / 热轧带肋钢筋 HRB400E Φ8~10 t 3533 2025-06
2025-10-26 17:21:48,516 [INFO] ➡️ Sending workflow request for module: gov_xian
2025-10-26 17:21:48,661 [INFO] Response status: 200
2025-10-26 17:21:48,662 [INFO] ✅ Link is active
2025-10-26 17:21:48,662 [INFO] ✅ request values / 热轧带肋钢筋 HRB400E Φ12~14 t 3503 2025-06
2025-10-26 17:21:48,662 [INFO] ➡️ Sending workflow request for module: gov_xian
2025-10-26 17:21:48,810 [INFO] Response status: 200
2025-10-26 17:21:48,810 [INFO] ✅ Link is active
2025-10-26 17:21:48,810 [INFO] ✅ request values / 热轧带肋钢筋 HRB400E Φ16~18 t 3356 2025-06
2025-10-26 17:21:48,810 [INFO] ➡️ Sending workflow request for module: gov_xian
2025-10-26 17:21:48,960 [INFO] Response status: 200
2025-10-26 17:21:48,960 [INFO] ✅ Link is active
2025-10-26 17:21:48,960 [INFO] ✅ request values / 热轧带肋钢筋 HRB400E Φ20~25 t 3328 2025-06
2025-10-26 17:21:48,960 [INFO] ➡️ Sending workflow request for module: gov_xian
2025-10-26 17:21:49,106 [INFO] Response status: 200
2025-10-26 17:21:49,106 [INFO] ✅ Link is active
2025-10-26 17:21:49,106 [INFO] ✅ request values / 热轧带肋钢筋 HRB400E Φ28~32 t 3409 2025-06
2025-10-26 17:21:49,106 [INFO] ➡️ Sending workflow request for module: gov_xian
2025-10-26 17:21:49,255 [INFO] Response status: 200
2025-10-26 17:21:49,256 [INFO] ✅ Link is active
2025-10-26 17:21:49,256 [INFO] ✅ request values / 热轧带肋钢筋 HRB500E Φ8~10 t 3721 2025-06
2025-10-26 17:21:49,256 [INFO] ➡️ Sending workflow request for module: gov_xian
2025-10-26 17:21:49,406 [INFO] Response status: 200
2025-10-26 17:21:49,406 [INFO] 县区: {'value': 'LTQU', 'label': '临潼区'} 日期: {'name': '2025年06月造价信息表', 'date': '2025-06'}
2025-10-26 17:21:50,003 [INFO] [['1', '/', '热轧光圆钢筋', 'HPB300 Φ6~8', 't', '3693'], ['2', '/', '热轧光圆钢筋', 'HPB300 Φ10~12', 't', '3683'], ['3', '/', '热轧光圆钢筋（高线）', 'HPB300 Φ6~8', 't', '3706'], ['4', '/', '热轧光圆钢筋（高线）', 'HPB300 Φ10~12', 't', '3723'], ['5', '/', '热轧带肋钢筋', 'HRB400 Φ8~10', 't', '3736'], ['6', '/', '热轧带肋钢筋', 'HRB400 Φ12~14', 't', '3703'], ['7', '/', '热轧带肋钢筋', 'HRB400 Φ16~18', 't', '3645'], ['8', '/', '热轧带肋钢筋', 'HRB400 Φ20~25', 't', '3603'], ['9', '/', '热轧带肋钢筋', 'HRB400 Φ28~32', 't', '3679'], ['10', '/', '热轧带肋钢筋', 'HRB500 Φ8~10', 't', '3888']]
2025-10-26 17:21:50,004 [INFO] ✅ Link is active
2025-10-26 17:21:50,004 [INFO] ✅ request values / 热轧光圆钢筋 HPB300 Φ6~8 t 3693 2025-06
2025-10-26 17:21:50,004 [INFO] ➡️ Sending workflow request for module: gov_xian
2025-10-26 17:21:50,171 [INFO] Response status: 200
2025-10-26 17:21:50,171 [INFO] ✅ Link is active
2025-10-26 17:21:50,171 [INFO] ✅ request values / 热轧光圆钢筋 HPB300 Φ10~12 t 3683 2025-06
2025-10-26 17:21:50,171 [INFO] ➡️ Sending workflow request for module: gov_xian
2025-10-26 17:21:50,321 [INFO] Response status: 200
2025-10-26 17:21:50,321 [INFO] ✅ Link is active
2025-10-26 17:21:50,321 [INFO] ✅ request values / 热轧光圆钢筋（高线） HPB300 Φ6~8 t 3706 2025-06
2025-10-26 17:21:50,322 [INFO] ➡️ Sending workflow request for module: gov_xian
2025-10-26 17:21:50,471 [INFO] Response status: 200
2025-10-26 17:21:50,471 [INFO] ✅ Link is active
2025-10-26 17:21:50,471 [INFO] ✅ request values / 热轧光圆钢筋（高线） HPB300 Φ10~12 t 3723 2025-06
2025-10-26 17:21:50,471 [INFO] ➡️ Sending workflow request for module: gov_xian
2025-10-26 17:21:50,714 [INFO] Response status: 200
2025-10-26 17:21:50,715 [INFO] ✅ Link is active
2025-10-26 17:21:50,715 [INFO] ✅ request values / 热轧带肋钢筋 HRB400 Φ8~10 t 3736 2025-06
2025-10-26 17:21:50,715 [INFO] ➡️ Sending workflow request for module: gov_xian
2025-10-26 17:21:50,856 [INFO] Response status: 200
2025-10-26 17:21:50,857 [INFO] ✅ Link is active
2025-10-26 17:21:50,857 [INFO] ✅ request values / 热轧带肋钢筋 HRB400 Φ12~14 t 3703 2025-06
2025-10-26 17:21:50,857 [INFO] ➡️ Sending workflow request for module: gov_xian
2025-10-26 17:21:51,005 [INFO] Response status: 200
2025-10-26 17:21:51,005 [INFO] ✅ Link is active
2025-10-26 17:21:51,006 [INFO] ✅ request values / 热轧带肋钢筋 HRB400 Φ16~18 t 3645 2025-06
2025-10-26 17:21:51,006 [INFO] ➡️ Sending workflow request for module: gov_xian
2025-10-26 17:21:51,155 [INFO] Response status: 200
2025-10-26 17:21:51,155 [INFO] ✅ Link is active
2025-10-26 17:21:51,155 [INFO] ✅ request values / 热轧带肋钢筋 HRB400 Φ20~25 t 3603 2025-06
2025-10-26 17:21:51,155 [INFO] ➡️ Sending workflow request for module: gov_xian
2025-10-26 17:21:51,300 [INFO] Response status: 200
2025-10-26 17:21:51,301 [INFO] ✅ Link is active
2025-10-26 17:21:51,301 [INFO] ✅ request values / 热轧带肋钢筋 HRB400 Φ28~32 t 3679 2025-06
2025-10-26 17:21:51,301 [INFO] ➡️ Sending workflow request for module: gov_xian
2025-10-26 17:21:51,446 [INFO] Response status: 200
2025-10-26 17:21:51,446 [INFO] ✅ Link is active
2025-10-26 17:21:51,447 [INFO] ✅ request values / 热轧带肋钢筋 HRB500 Φ8~10 t 3888 2025-06
2025-10-26 17:21:51,447 [INFO] ➡️ Sending workflow request for module: gov_xian
2025-10-26 17:21:51,591 [INFO] Response status: 200
2025-10-26 17:21:51,591 [INFO] 县区: {'value': 'GLQU', 'label': '高陵区'} 日期: {'name': '2025年06月造价信息表', 'date': '2025-06'}
2025-10-26 17:21:52,745 [INFO] [['1', '/', '热轧光圆钢筋', 'HPB300 Φ6~8', 't', '3626'], ['2', '/', '热轧光圆钢筋', 'HPB300 Φ10~12', 't', '3626'], ['3', '/', '热轧光圆钢筋（高线）', 'HPB300 Φ6~8', 't', '3626'], ['4', '/', '热轧光圆钢筋（高线）', 'HPB300 Φ10~12', 't', '3526'], ['5', '/', '热轧带肋钢筋', 'HRB400 Φ8~10', 't', '3526'], ['6', '/', '热轧带肋钢筋', 'HRB400 Φ12~14', 't', '3526'], ['7', '/', '热轧带肋钢筋', 'HRB400 Φ16~18', 't', '3526'], ['8', '/', '热轧带肋钢筋', 'HRB400 Φ20~25', 't', '3526'], ['9', '/', '热轧带肋钢筋', 'HRB400 Φ28~32', 't', '3526'], ['10', '/', '热轧带肋钢筋', 'HRB500 Φ8~10', 't', '3796']]
2025-10-26 17:21:52,747 [INFO] ✅ Link is active
2025-10-26 17:21:52,747 [INFO] ✅ request values / 热轧光圆钢筋 HPB300 Φ6~8 t 3626 2025-06
2025-10-26 17:21:52,747 [INFO] ➡️ Sending workflow request for module: gov_xian
2025-10-26 17:21:52,915 [INFO] Response status: 200
2025-10-26 17:21:52,916 [INFO] ✅ Link is active
2025-10-26 17:21:52,916 [INFO] ✅ request values / 热轧光圆钢筋 HPB300 Φ10~12 t 3626 2025-06
2025-10-26 17:21:52,916 [INFO] ➡️ Sending workflow request for module: gov_xian
2025-10-26 17:21:53,069 [INFO] Response status: 200
2025-10-26 17:21:53,070 [INFO] ✅ Link is active
2025-10-26 17:21:53,070 [INFO] ✅ request values / 热轧光圆钢筋（高线） HPB300 Φ6~8 t 3626 2025-06
2025-10-26 17:21:53,070 [INFO] ➡️ Sending workflow request for module: gov_xian
2025-10-26 17:21:53,220 [INFO] Response status: 200
2025-10-26 17:21:53,220 [INFO] ✅ Link is active
2025-10-26 17:21:53,220 [INFO] ✅ request values / 热轧光圆钢筋（高线） HPB300 Φ10~12 t 3526 2025-06
2025-10-26 17:21:53,221 [INFO] ➡️ Sending workflow request for module: gov_xian
2025-10-26 17:21:53,369 [INFO] Response status: 200
2025-10-26 17:21:53,369 [INFO] ✅ Link is active
2025-10-26 17:21:53,370 [INFO] ✅ request values / 热轧带肋钢筋 HRB400 Φ8~10 t 3526 2025-06
2025-10-26 17:21:53,370 [INFO] ➡️ Sending workflow request for module: gov_xian
2025-10-26 17:21:53,515 [INFO] Response status: 200
2025-10-26 17:21:53,515 [INFO] ✅ Link is active
2025-10-26 17:21:53,515 [INFO] ✅ request values / 热轧带肋钢筋 HRB400 Φ12~14 t 3526 2025-06
2025-10-26 17:21:53,515 [INFO] ➡️ Sending workflow request for module: gov_xian
2025-10-26 17:21:53,660 [INFO] Response status: 200
2025-10-26 17:21:53,660 [INFO] ✅ Link is active
2025-10-26 17:21:53,660 [INFO] ✅ request values / 热轧带肋钢筋 HRB400 Φ16~18 t 3526 2025-06
2025-10-26 17:21:53,660 [INFO] ➡️ Sending workflow request for module: gov_xian
2025-10-26 17:21:53,808 [INFO] Response status: 200
2025-10-26 17:21:53,808 [INFO] ✅ Link is active
2025-10-26 17:21:53,808 [INFO] ✅ request values / 热轧带肋钢筋 HRB400 Φ20~25 t 3526 2025-06
2025-10-26 17:21:53,808 [INFO] ➡️ Sending workflow request for module: gov_xian
2025-10-26 17:21:53,957 [INFO] Response status: 200
2025-10-26 17:21:53,957 [INFO] ✅ Link is active
2025-10-26 17:21:53,957 [INFO] ✅ request values / 热轧带肋钢筋 HRB400 Φ28~32 t 3526 2025-06
2025-10-26 17:21:53,957 [INFO] ➡️ Sending workflow request for module: gov_xian
2025-10-26 17:21:54,105 [INFO] Response status: 200
2025-10-26 17:21:54,105 [INFO] ✅ Link is active
2025-10-26 17:21:54,105 [INFO] ✅ request values / 热轧带肋钢筋 HRB500 Φ8~10 t 3796 2025-06
2025-10-26 17:21:54,106 [INFO] ➡️ Sending workflow request for module: gov_xian
2025-10-26 17:21:54,253 [INFO] Response status: 200
2025-10-26 17:21:54,254 [INFO] 县区: {'value': 'HYQU', 'label': '鄠邑区'} 日期: {'name': '2025年06月造价信息表', 'date': '2025-06'}
2025-10-26 17:21:54,918 [INFO] [['1', '/', '热轧光圆钢筋', 'HPB300 Φ6~8', 't', '3696'], ['2', '/', '热轧光圆钢筋', 'HPB300 Φ10~12', 't', '3669'], ['3', '/', '热轧光圆钢筋（高线）', 'HPB300 Φ6~8', 't', '3749'], ['4', '/', '热轧光圆钢筋（高线）', 'HPB300 Φ10~12', 't', '3776'], ['5', '/', '热轧带肋钢筋', 'HRB400 Φ8~10', 't', '3677'], ['6', '/', '热轧带肋钢筋', 'HRB400 Φ12~14', 't', '3650'], ['7', '/', '热轧带肋钢筋', 'HRB400 Φ16~18', 't', '3538'], ['8', '/', '热轧带肋钢筋', 'HRB400 Φ20~25', 't', '3497'], ['9', '/', '热轧带肋钢筋', 'HRB400 Φ28~32', 't', '3609'], ['10', '/', '热轧带肋钢筋', 'HRB500 Φ8~10', 't', '3966']]
2025-10-26 17:21:54,919 [INFO] ✅ Link is active
2025-10-26 17:21:54,920 [INFO] ✅ request values / 热轧光圆钢筋 HPB300 Φ6~8 t 3696 2025-06
2025-10-26 17:21:54,920 [INFO] ➡️ Sending workflow request for module: gov_xian
2025-10-26 17:21:55,090 [INFO] Response status: 200
2025-10-26 17:21:55,090 [INFO] ✅ Link is active
2025-10-26 17:21:55,090 [INFO] ✅ request values / 热轧光圆钢筋 HPB300 Φ10~12 t 3669 2025-06
2025-10-26 17:21:55,090 [INFO] ➡️ Sending workflow request for module: gov_xian
2025-10-26 17:21:55,242 [INFO] Response status: 200
2025-10-26 17:21:55,242 [INFO] ✅ Link is active
2025-10-26 17:21:55,242 [INFO] ✅ request values / 热轧光圆钢筋（高线） HPB300 Φ6~8 t 3749 2025-06
2025-10-26 17:21:55,243 [INFO] ➡️ Sending workflow request for module: gov_xian
2025-10-26 17:21:55,394 [INFO] Response status: 200
2025-10-26 17:21:55,394 [INFO] ✅ Link is active
2025-10-26 17:21:55,394 [INFO] ✅ request values / 热轧光圆钢筋（高线） HPB300 Φ10~12 t 3776 2025-06
2025-10-26 17:21:55,394 [INFO] ➡️ Sending workflow request for module: gov_xian
2025-10-26 17:21:55,543 [INFO] Response status: 200
2025-10-26 17:21:55,543 [INFO] ✅ Link is active
2025-10-26 17:21:55,544 [INFO] ✅ request values / 热轧带肋钢筋 HRB400 Φ8~10 t 3677 2025-06
2025-10-26 17:21:55,544 [INFO] ➡️ Sending workflow request for module: gov_xian
2025-10-26 17:21:55,694 [INFO] Response status: 200
2025-10-26 17:21:55,694 [INFO] ✅ Link is active
2025-10-26 17:21:55,695 [INFO] ✅ request values / 热轧带肋钢筋 HRB400 Φ12~14 t 3650 2025-06
2025-10-26 17:21:55,695 [INFO] ➡️ Sending workflow request for module: gov_xian
2025-10-26 17:21:55,842 [INFO] Response status: 200
2025-10-26 17:21:55,843 [INFO] ✅ Link is active
2025-10-26 17:21:55,843 [INFO] ✅ request values / 热轧带肋钢筋 HRB400 Φ16~18 t 3538 2025-06
2025-10-26 17:21:55,843 [INFO] ➡️ Sending workflow request for module: gov_xian
2025-10-26 17:21:55,990 [INFO] Response status: 200
2025-10-26 17:21:55,990 [INFO] ✅ Link is active
2025-10-26 17:21:55,990 [INFO] ✅ request values / 热轧带肋钢筋 HRB400 Φ20~25 t 3497 2025-06
2025-10-26 17:21:55,990 [INFO] ➡️ Sending workflow request for module: gov_xian
2025-10-26 17:21:56,137 [INFO] Response status: 200
2025-10-26 17:21:56,138 [INFO] ✅ Link is active
2025-10-26 17:21:56,138 [INFO] ✅ request values / 热轧带肋钢筋 HRB400 Φ28~32 t 3609 2025-06
2025-10-26 17:21:56,138 [INFO] ➡️ Sending workflow request for module: gov_xian
2025-10-26 17:21:56,286 [INFO] Response status: 200
2025-10-26 17:21:56,286 [INFO] ✅ Link is active
2025-10-26 17:21:56,286 [INFO] ✅ request values / 热轧带肋钢筋 HRB500 Φ8~10 t 3966 2025-06
2025-10-26 17:21:56,286 [INFO] ➡️ Sending workflow request for module: gov_xian
2025-10-26 17:21:56,435 [INFO] Response status: 200
2025-10-26 17:21:56,436 [INFO] 县区: {'value': 'LTXU', 'label': '蓝田县'} 日期: {'name': '2025年06月造价信息表', 'date': '2025-06'}
2025-10-26 17:21:56,961 [INFO] [['1', '/', '热轧光圆钢筋', 'HPB300 Φ6~8', 't', '3736'], ['2', '/', '热轧光圆钢筋', 'HPB300 Φ10~12', 't', '3752'], ['3', '/', '热轧光圆钢筋（高线）', 'HPB300 Φ6~8', 't', '3756'], ['4', '/', '热轧光圆钢筋（高线）', 'HPB300 Φ10~12', 't', '3740'], ['5', '/', '热轧带肋钢筋', 'HRB400 Φ8~10', 't', '3661'], ['6', '/', '热轧带肋钢筋', 'HRB400 Φ12~14', 't', '3638'], ['7', '/', '热轧带肋钢筋', 'HRB400 Φ16~18', 't', '3609'], ['8', '/', '热轧带肋钢筋', 'HRB400 Φ20~25', 't', '3597'], ['9', '/', '热轧带肋钢筋', 'HRB400 Φ28~32', 't', '3619'], ['10', '/', '热轧带肋钢筋', 'HRB500 Φ8~10', 't', '3860']]
2025-10-26 17:21:56,963 [INFO] ✅ Link is active
2025-10-26 17:21:56,963 [INFO] ✅ request values / 热轧光圆钢筋 HPB300 Φ6~8 t 3736 2025-06
2025-10-26 17:21:56,963 [INFO] ➡️ Sending workflow request for module: gov_xian
2025-10-26 17:21:57,128 [INFO] Response status: 200
2025-10-26 17:21:57,128 [INFO] ✅ Link is active
2025-10-26 17:21:57,129 [INFO] ✅ request values / 热轧光圆钢筋 HPB300 Φ10~12 t 3752 2025-06
2025-10-26 17:21:57,129 [INFO] ➡️ Sending workflow request for module: gov_xian
2025-10-26 17:21:57,283 [INFO] Response status: 200
2025-10-26 17:21:57,283 [INFO] ✅ Link is active
2025-10-26 17:21:57,283 [INFO] ✅ request values / 热轧光圆钢筋（高线） HPB300 Φ6~8 t 3756 2025-06
2025-10-26 17:21:57,283 [INFO] ➡️ Sending workflow request for module: gov_xian
2025-10-26 17:21:57,430 [INFO] Response status: 200
2025-10-26 17:21:57,431 [INFO] ✅ Link is active
2025-10-26 17:21:57,431 [INFO] ✅ request values / 热轧光圆钢筋（高线） HPB300 Φ10~12 t 3740 2025-06
2025-10-26 17:21:57,431 [INFO] ➡️ Sending workflow request for module: gov_xian
2025-10-26 17:21:57,581 [INFO] Response status: 200
2025-10-26 17:21:57,582 [INFO] ✅ Link is active
2025-10-26 17:21:57,582 [INFO] ✅ request values / 热轧带肋钢筋 HRB400 Φ8~10 t 3661 2025-06
2025-10-26 17:21:57,582 [INFO] ➡️ Sending workflow request for module: gov_xian
2025-10-26 17:21:57,730 [INFO] Response status: 200
2025-10-26 17:21:57,731 [INFO] ✅ Link is active
2025-10-26 17:21:57,731 [INFO] ✅ request values / 热轧带肋钢筋 HRB400 Φ12~14 t 3638 2025-06
2025-10-26 17:21:57,731 [INFO] ➡️ Sending workflow request for module: gov_xian
2025-10-26 17:21:57,871 [INFO] Response status: 200
2025-10-26 17:21:57,872 [INFO] ✅ Link is active
2025-10-26 17:21:57,872 [INFO] ✅ request values / 热轧带肋钢筋 HRB400 Φ16~18 t 3609 2025-06
2025-10-26 17:21:57,872 [INFO] ➡️ Sending workflow request for module: gov_xian
2025-10-26 17:21:58,018 [INFO] Response status: 200
2025-10-26 17:21:58,019 [INFO] ✅ Link is active
2025-10-26 17:21:58,019 [INFO] ✅ request values / 热轧带肋钢筋 HRB400 Φ20~25 t 3597 2025-06
2025-10-26 17:21:58,019 [INFO] ➡️ Sending workflow request for module: gov_xian
2025-10-26 17:21:58,168 [INFO] Response status: 200
2025-10-26 17:21:58,168 [INFO] ✅ Link is active
2025-10-26 17:21:58,168 [INFO] ✅ request values / 热轧带肋钢筋 HRB400 Φ28~32 t 3619 2025-06
2025-10-26 17:21:58,168 [INFO] ➡️ Sending workflow request for module: gov_xian
2025-10-26 17:21:58,420 [INFO] Response status: 200
2025-10-26 17:21:58,420 [INFO] ✅ Link is active
2025-10-26 17:21:58,420 [INFO] ✅ request values / 热轧带肋钢筋 HRB500 Φ8~10 t 3860 2025-06
2025-10-26 17:21:58,420 [INFO] ➡️ Sending workflow request for module: gov_xian
2025-10-26 17:21:58,566 [INFO] Response status: 200
2025-10-26 17:21:58,566 [INFO] 县区: {'value': 'ZZXU', 'label': '周至县'} 日期: {'name': '2025年06月造价信息表', 'date': '2025-06'}
2025-10-26 17:21:59,088 [INFO] [['1', '/', '热轧光圆钢筋', 'HPB300 Φ6~8', 't', '3703'], ['2', '/', '热轧光圆钢筋', 'HPB300 Φ10~12', 't', '3686'], ['3', '/', '热轧光圆钢筋（高线）', 'HPB300 Φ6~8', 't', '3658'], ['4', '/', '热轧光圆钢筋（高线）', 'HPB300 Φ10~12', 't', '3660'], ['5', '/', '热轧带肋钢筋', 'HRB400 Φ8~10', 't', '3677'], ['6', '/', '热轧带肋钢筋', 'HRB400 Φ12~14', 't', '3667'], ['7', '/', '热轧带肋钢筋', 'HRB400 Φ16~18', 't', '3546'], ['8', '/', '热轧带肋钢筋', 'HRB400 Φ20~25', 't', '3551'], ['9', '/', '热轧带肋钢筋', 'HRB400 Φ28~32', 't', '3616'], ['10', '/', '热轧带肋钢筋', 'HRB500 Φ8~10', 't', '3823']]
2025-10-26 17:21:59,090 [INFO] ✅ Link is active
2025-10-26 17:21:59,090 [INFO] ✅ request values / 热轧光圆钢筋 HPB300 Φ6~8 t 3703 2025-06
2025-10-26 17:21:59,090 [INFO] ➡️ Sending workflow request for module: gov_xian
2025-10-26 17:21:59,251 [INFO] Response status: 200
2025-10-26 17:21:59,251 [INFO] ✅ Link is active
2025-10-26 17:21:59,251 [INFO] ✅ request values / 热轧光圆钢筋 HPB300 Φ10~12 t 3686 2025-06
2025-10-26 17:21:59,251 [INFO] ➡️ Sending workflow request for module: gov_xian
2025-10-26 17:21:59,405 [INFO] Response status: 200
2025-10-26 17:21:59,405 [INFO] ✅ Link is active
2025-10-26 17:21:59,405 [INFO] ✅ request values / 热轧光圆钢筋（高线） HPB300 Φ6~8 t 3658 2025-06
2025-10-26 17:21:59,405 [INFO] ➡️ Sending workflow request for module: gov_xian
2025-10-26 17:21:59,552 [INFO] Response status: 200
2025-10-26 17:21:59,552 [INFO] ✅ Link is active
2025-10-26 17:21:59,552 [INFO] ✅ request values / 热轧光圆钢筋（高线） HPB300 Φ10~12 t 3660 2025-06
2025-10-26 17:21:59,552 [INFO] ➡️ Sending workflow request for module: gov_xian
2025-10-26 17:21:59,706 [INFO] Response status: 200
2025-10-26 17:21:59,706 [INFO] ✅ Link is active
2025-10-26 17:21:59,706 [INFO] ✅ request values / 热轧带肋钢筋 HRB400 Φ8~10 t 3677 2025-06
2025-10-26 17:21:59,706 [INFO] ➡️ Sending workflow request for module: gov_xian
2025-10-26 17:21:59,859 [INFO] Response status: 200
2025-10-26 17:21:59,859 [INFO] ✅ Link is active
2025-10-26 17:21:59,859 [INFO] ✅ request values / 热轧带肋钢筋 HRB400 Φ12~14 t 3667 2025-06
2025-10-26 17:21:59,859 [INFO] ➡️ Sending workflow request for module: gov_xian
2025-10-26 17:22:00,019 [INFO] Response status: 200
2025-10-26 17:22:00,020 [INFO] ✅ Link is active
2025-10-26 17:22:00,020 [INFO] ✅ request values / 热轧带肋钢筋 HRB400 Φ16~18 t 3546 2025-06
2025-10-26 17:22:00,020 [INFO] ➡️ Sending workflow request for module: gov_xian
2025-10-26 17:22:00,177 [INFO] Response status: 200
2025-10-26 17:22:00,177 [INFO] ✅ Link is active
2025-10-26 17:22:00,177 [INFO] ✅ request values / 热轧带肋钢筋 HRB400 Φ20~25 t 3551 2025-06
2025-10-26 17:22:00,177 [INFO] ➡️ Sending workflow request for module: gov_xian
2025-10-26 17:22:00,335 [INFO] Response status: 200
2025-10-26 17:22:00,335 [INFO] ✅ Link is active
2025-10-26 17:22:00,335 [INFO] ✅ request values / 热轧带肋钢筋 HRB400 Φ28~32 t 3616 2025-06
2025-10-26 17:22:00,335 [INFO] ➡️ Sending workflow request for module: gov_xian
2025-10-26 17:22:00,496 [INFO] Response status: 200
2025-10-26 17:22:00,496 [INFO] ✅ Link is active
2025-10-26 17:22:00,496 [INFO] ✅ request values / 热轧带肋钢筋 HRB500 Φ8~10 t 3823 2025-06
2025-10-26 17:22:00,496 [INFO] ➡️ Sending workflow request for module: gov_xian
2025-10-26 17:22:00,651 [INFO] Response status: 200
